Vivado Simulator v2023.2
Copyright 1986-2022 Xilinx, Inc. All Rights Reserved.
Copyright 2022-2023 Advanced Micro Devices, Inc. All Rights Reserved.
Running: D:/Xilinx/Vivado/2023.2/bin/unwrapped/win64.o/xelab.exe --incr --debug typical --relax --mt 2 -L xil_defaultlib -L uvm -L unisims_ver -L unimacro_ver -L secureip --snapshot tb_behav xil_defaultlib.tb xil_defaultlib.glbl -log elaborate.log 
Using 2 slave threads.
Starting static elaboration
Pass Through NonSizing Optimizer
Completed static elaboration
Starting simulation data flow analysis
Completed simulation data flow analysis
Time Resolution for simulation is 1ps
Compiling package xil_defaultlib.$unit_tb_sv
Compiling module xil_defaultlib.switch(x_coord=0,y_coord=0,data_...
Compiling module xil_defaultlib.switch(x_coord=0,y_coord=1,data_...
Compiling module xil_defaultlib.div2(id_width=3)
Compiling module xil_defaultlib.switch(x_coord=1,y_coord=0,data_...
Compiling module xil_defaultlib.add(id_width=3)
Compiling module xil_defaultlib.switch(x_coord=1,y_coord=1,data_...
Compiling module xil_defaultlib.sub(id_width=3)
Compiling module xil_defaultlib.openNocTop_default
Compiling module xil_defaultlib.tb
Compiling module xil_defaultlib.glbl
Built simulation snapshot tb_behav
